2025-05-24 07:46:12,720 - INFO - === APPLICATION STARTUP DIAGNOSTIC ===
2025-05-24 07:46:12,720 - INFO - Python version: 3.12.7 | packaged by Anaconda, Inc. | (main, Oct  4 2024, 13:17:27) [MSC v.1929 64 bit (AMD64)]
2025-05-24 07:46:12,721 - INFO - Working directory: D:\CA_BTC
2025-05-24 07:46:12,721 - INFO - Script location: D:\CA_BTC\app
2025-05-24 07:46:12,721 - INFO - Checking dependencies...
2025-05-24 07:46:29,131 - INFO - Checking directories...
2025-05-24 07:46:29,136 - INFO - Checking TensorFlow...
2025-05-24 07:46:29,137 - INFO - ~ No GPU found, using CPU
2025-05-24 07:46:29,137 - INFO - Testing Flask app...
2025-05-24 07:46:29,164 - INFO - === DIAGNOSTIC SUMMARY ===
2025-05-24 07:46:29,165 - INFO - Testing main app import...
2025-05-24 07:46:29,186 - INFO - === STARTUP DIAGNOSTIC COMPLETE - READY TO LAUNCH ===
2025-05-24 08:05:24,029 - INFO - === APPLICATION STARTUP DIAGNOSTIC ===
2025-05-24 08:05:24,029 - INFO - Python version: 3.12.7 | packaged by Anaconda, Inc. | (main, Oct  4 2024, 13:17:27) [MSC v.1929 64 bit (AMD64)]
2025-05-24 08:05:24,029 - INFO - Working directory: D:\CA_BTC
2025-05-24 08:05:24,029 - INFO - Script location: D:\CA_BTC\app
2025-05-24 08:05:24,030 - INFO - Checking dependencies...
2025-05-24 08:05:31,651 - INFO - Checking directories...
2025-05-24 08:05:31,655 - INFO - Checking TensorFlow...
2025-05-24 08:05:31,657 - INFO - ~ No GPU found, using CPU
2025-05-24 08:05:31,657 - INFO - Testing Flask app...
2025-05-24 08:05:31,664 - INFO - === DIAGNOSTIC SUMMARY ===
2025-05-24 08:05:31,665 - INFO - Testing main app import...
2025-05-24 08:05:31,685 - INFO - === STARTUP DIAGNOSTIC COMPLETE - READY TO LAUNCH ===
2025-05-24 08:29:43,893 - INFO - === APPLICATION STARTUP DIAGNOSTIC ===
2025-05-24 08:29:43,893 - INFO - Python version: 3.12.7 | packaged by Anaconda, Inc. | (main, Oct  4 2024, 13:17:27) [MSC v.1929 64 bit (AMD64)]
2025-05-24 08:29:43,893 - INFO - Working directory: D:\CA_BTC
2025-05-24 08:29:43,893 - INFO - Script location: D:\CA_BTC\app
2025-05-24 08:29:43,894 - INFO - Checking dependencies...
2025-05-24 08:29:52,087 - INFO - Checking directories...
2025-05-24 08:29:52,093 - INFO - Checking TensorFlow...
2025-05-24 08:29:52,094 - INFO - ~ No GPU found, using CPU
2025-05-24 08:29:52,095 - INFO - Testing Flask app...
2025-05-24 08:29:52,103 - INFO - === DIAGNOSTIC SUMMARY ===
2025-05-24 08:29:52,104 - INFO - Testing main app import...
2025-05-24 08:29:52,127 - INFO - === STARTUP DIAGNOSTIC COMPLETE - READY TO LAUNCH ===
